<html>
<body>
<pre>
<h1>Vision3 Build Log</h1>
<h2>Project:</h2>
F:\工程\新增程序\TX-1C开发产品实例\温度报警器\baojing.uv2
Project File Date:  07/06/2010

<h2>Output:</h2>
Build target 'Target 1'
compiling baojing.c...
linking...
Program Size: data=17.1 xdata=0 code=1307
"baojing" - 0 Error(s), 0 Warning(s).
Build target 'Target 1'
compiling baojing.c...
linking...
Program Size: data=17.1 xdata=0 code=1307
creating hex file from "baojing"...
"baojing" - 0 Error(s), 0 Warning(s).
Build target 'Target 1'
compiling baojing.c...
linking...
Program Size: data=17.1 xdata=0 code=1307
creating hex file from "baojing"...
"baojing" - 0 Error(s), 0 Warning(s).
Build target 'Target 1'
compiling baojing.c...
linking...
Program Size: data=17.1 xdata=0 code=1311
creating hex file from "baojing"...
"baojing" - 0 Error(s), 0 Warning(s).
Build target 'Target 1'
compiling baojing.c...
linking...
Program Size: data=17.1 xdata=0 code=1431
creating hex file from "baojing"...
"baojing" - 0 Error(s), 0 Warning(s).
Build target 'Target 1'
compiling baojing.c...
linking...
Program Size: data=17.1 xdata=0 code=1431
creating hex file from "baojing"...
"baojing" - 0 Error(s), 0 Warning(s).
Build target 'Target 1'
compiling baojing.c...
linking...
Program Size: data=17.1 xdata=0 code=1311
creating hex file from "baojing"...
"baojing" - 0 Error(s), 0 Warning(s).
Build target 'Target 1'
compiling baojing.c...
linking...
Program Size: data=17.1 xdata=0 code=1311
creating hex file from "baojing"...
"baojing" - 0 Error(s), 0 Warning(s).
Build target 'Target 1'
compiling baojing.c...
BAOJING.C(175): error C141: syntax error near 'else'
Target not created
Build target 'Target 1'
compiling baojing.c...
BAOJING.C(175): error C141: syntax error near 'else'
Target not created
Build target 'Target 1'
compiling baojing.c...
linking...
Program Size: data=17.1 xdata=0 code=1314
creating hex file from "baojing"...
"baojing" - 0 Error(s), 0 Warning(s).
Build target 'Target 1'
compiling baojing.c...
BAOJING.C(175): error C141: syntax error near 'else'
Target not created
Build target 'Target 1'
compiling baojing.c...
BAOJING.C(174): error C141: syntax error near 'else'
Target not created
Build target 'Target 1'
compiling baojing.c...
BAOJING.C(176): error C141: syntax error near 'else'
Target not created
Build target 'Target 1'
compiling baojing.c...
BAOJING.C(175): error C141: syntax error near 'else'
Target not created
Build target 'Target 1'
compiling baojing.c...
linking...
Program Size: data=17.1 xdata=0 code=1314
creating hex file from "baojing"...
"baojing" - 0 Error(s), 0 Warning(s).
Build target 'Target 1'
compiling baojing.c...
BAOJING.C(175): error C141: syntax error near 'else'
Target not created
Build target 'Target 1'
compiling baojing.c...
linking...
Program Size: data=17.1 xdata=0 code=1317
creating hex file from "baojing"...
"baojing" - 0 Error(s), 0 Warning(s).
